<?xml version="1.0" encoding="UTF-8"?>
<!-- Generated by org.testng.reporters.JUnitReportReporter -->
<testsuite hostname="DESKTOP-HHG135O" failures="0" tests="1" name="JudicialBranch.Testcase" time="36.961" errors="0" timestamp="2021-05-23T22:41:33 IST" skipped="0">
  <testcase classname="JudicialBranch.Testcase" name="selectCities" time="36.961"/>
  <system-out/>
</testsuite> <!-- JudicialBranch.Testcase -->
